<?xml version="1.0" encoding="UTF-8"?>
<testsuite xmlns:xsi="http://www.w3.org/2001/XMLSchema-instance" xsi:noNamespaceSchemaLocation="https://maven.apache.org/surefire/maven-surefire-plugin/xsd/surefire-test-report.xsd" name="kz.parser.etml.TestEtml" time="0.053" tests="2" errors="0" skipped="0" failures="0">
  <properties>
[...]
</properties>
  <testcase name="testNoRequiredAnnotation" classname="kz.parser.etml.TestEtml" time="0.021"/>
  <testcase name="testSuccess" classname="kz.parser.etml.TestEtml" time="0.017"/>
</testsuite>